# JRE version: Java(TM) SE Runtime Environment (7.0_79-b15) (build 1.7.0_79-b15)
# Java VM: Java HotSpot(TM) 64-Bit Server VM (24.79-b02 mixed mode windows-amd64 compressed oops)
Heap
 PSYoungGen      total 47104K, used 17262K [0x00000000eda80000, 0x00000000f1300000, 0x0000000100000000)
  eden space 39424K, 39% used [0x00000000eda80000,0x00000000ee9bd820,0x00000000f0100000)
  from space 7680K, 21% used [0x00000000f0b80000,0x00000000f0d1e380,0x00000000f1300000)
  to   space 9216K, 0% used [0x00000000f0100000,0x00000000f0100000,0x00000000f0a00000)
 ParOldGen       total 56320K, used 35582K [0x00000000c9000000, 0x00000000cc700000, 0x00000000eda80000)
  object space 56320K, 63% used [0x00000000c9000000,0x00000000cb2bf980,0x00000000cc700000)
 PSPermGen       total 83968K, used 61514K [0x00000000c3e00000, 0x00000000c9000000, 0x00000000c9000000)
  object space 83968K, 73% used [0x00000000c3e00000,0x00000000c7a12bc8,0x00000000c9000000)
GC Heap History (10 events):
Event: 3117.804 GC heap before
{Heap before GC invocations=41 (full 1):
 PSYoungGen      total 45568K, used 45184K [0x00000000eda80000, 0x00000000f1a00000, 0x0000000100000000)
  eden space 44544K, 100% used [0x00000000eda80000,0x00000000f0600000,0x00000000f0600000)
  from space 1024K, 62% used [0x00000000f0780000,0x00000000f0820000,0x00000000f0880000)
  to   space 10240K, 0% used [0x00000000f1000000,0x00000000f1000000,0x00000000f1a00000)
 ParOldGen       total 56320K, used 35334K [0x00000000c9000000, 0x00000000cc700000, 0x00000000eda80000)
  object space 56320K, 62% used [0x00000000c9000000,0x00000000cb281980,0x00000000cc700000)
 PSPermGen       total 83968K, used 60891K [0x00000000c3e00000, 0x00000000c9000000, 0x00000000c9000000)
  object space 83968K, 72% used [0x00000000c3e00000,0x00000000c7976f60,0x00000000c9000000)
Event: 3117.815 GC heap after
Heap after GC invocations=41 (full 1):
 PSYoungGen      total 52736K, used 672K [0x00000000eda80000, 0x00000000f1900000, 0x0000000100000000)
  eden space 43520K, 0% used [0x00000000eda80000,0x00000000eda80000,0x00000000f0500000)
  from space 9216K, 7% used [0x00000000f1000000,0x00000000f10a8000,0x00000000f1900000)
  to   space 10240K, 0% used [0x00000000f0500000,0x00000000f0500000,0x00000000f0f00000)
 ParOldGen       total 56320K, used 35462K [0x00000000c9000000, 0x00000000cc700000, 0x00000000eda80000)
  object space 56320K, 62% used [0x00000000c9000000,0x00000000cb2a1980,0x00000000cc700000)
 PSPermGen       total 83968K, used 60891K [0x00000000c3e00000, 0x00000000c9000000, 0x00000000c9000000)
  object space 83968K, 72% used [0x00000000c3e00000,0x00000000c7976f60,0x00000000c9000000)
}
Event: 3267.992 GC heap before
{Heap before GC invocations=42 (full 1):
 PSYoungGen      total 52736K, used 44192K [0x00000000eda80000, 0x00000000f1900000, 0x0000000100000000)
  eden space 43520K, 100% used [0x00000000eda80000,0x00000000f0500000,0x00000000f0500000)
  from space 9216K, 7% used [0x00000000f1000000,0x00000000f10a8000,0x00000000f1900000)
  to   space 10240K, 0% used [0x00000000f0500000,0x00000000f0500000,0x00000000f0f00000)
 ParOldGen       total 56320K, used 35462K [0x00000000c9000000, 0x00000000cc700000, 0x00000000eda80000)
  object space 56320K, 62% used [0x00000000c9000000,0x00000000cb2a1980,0x00000000cc700000)
 PSPermGen       total 83968K, used 60893K [0x00000000c3e00000, 0x00000000c9000000, 0x00000000c9000000)
  object space 83968K, 72% used [0x00000000c3e00000,0x00000000c79774b8,0x00000000c9000000)
Event: 3268.018 GC heap after
Heap after GC invocations=42 (full 1):
 PSYoungGen      total 43008K, used 512K [0x00000000eda80000, 0x00000000f1800000, 0x0000000100000000)
  eden space 42496K, 0% used [0x00000000eda80000,0x00000000eda80000,0x00000000f0400000)
  from space 512K, 100% used [0x00000000f0500000,0x00000000f0580000,0x00000000f0580000)
  to   space 10240K, 0% used [0x00000000f0e00000,0x00000000f0e00000,0x00000000f1800000)
 ParOldGen       total 56320K, used 35486K [0x00000000c9000000, 0x00000000cc700000, 0x00000000eda80000)
  object space 56320K, 63% used [0x00000000c9000000,0x00000000cb2a7980,0x00000000cc700000)
 PSPermGen       total 83968K, used 60893K [0x00000000c3e00000, 0x00000000c9000000, 0x00000000c9000000)
  object space 83968K, 72% used [0x00000000c3e00000,0x00000000c79774b8,0x00000000c9000000)
}
Event: 3333.198 GC heap before
{Heap before GC invocations=43 (full 1):
 PSYoungGen      total 43008K, used 43008K [0x00000000eda80000, 0x00000000f1800000, 0x0000000100000000)
  eden space 42496K, 100% used [0x00000000eda80000,0x00000000f0400000,0x00000000f0400000)
  from space 512K, 100% used [0x00000000f0500000,0x00000000f0580000,0x00000000f0580000)
  to   space 10240K, 0% used [0x00000000f0e00000,0x00000000f0e00000,0x00000000f1800000)
 ParOldGen       total 56320K, used 35486K [0x00000000c9000000, 0x00000000cc700000, 0x00000000eda80000)
  object space 56320K, 63% used [0x00000000c9000000,0x00000000cb2a7980,0x00000000cc700000)
 PSPermGen       total 83968K, used 60899K [0x00000000c3e00000, 0x00000000c9000000, 0x00000000c9000000)
  object space 83968K, 72% used [0x00000000c3e00000,0x00000000c7978f10,0x00000000c9000000)
Event: 3333.205 GC heap after
Heap after GC invocations=43 (full 1):
 PSYoungGen      total 50688K, used 640K [0x00000000eda80000, 0x00000000f1700000, 0x0000000100000000)
  eden space 41472K, 0% used [0x00000000eda80000,0x00000000eda80000,0x00000000f0300000)
  from space 9216K, 6% used [0x00000000f0e00000,0x00000000f0ea0000,0x00000000f1700000)
  to   space 10240K, 0% used [0x00000000f0300000,0x00000000f0300000,0x00000000f0d00000)
 ParOldGen       total 56320K, used 35518K [0x00000000c9000000, 0x00000000cc700000, 0x00000000eda80000)
  object space 56320K, 63% used [0x00000000c9000000,0x00000000cb2af980,0x00000000cc700000)
 PSPermGen       total 83968K, used 60899K [0x00000000c3e00000, 0x00000000c9000000, 0x00000000c9000000)
  object space 83968K, 72% used [0x00000000c3e00000,0x00000000c7978f10,0x00000000c9000000)
}
Event: 3352.405 GC heap before
{Heap before GC invocations=44 (full 1):
 PSYoungGen      total 50688K, used 42112K [0x00000000eda80000, 0x00000000f1700000, 0x0000000100000000)
  eden space 41472K, 100% used [0x00000000eda80000,0x00000000f0300000,0x00000000f0300000)
  from space 9216K, 6% used [0x00000000f0e00000,0x00000000f0ea0000,0x00000000f1700000)
  to   space 10240K, 0% used [0x00000000f0300000,0x00000000f0300000,0x00000000f0d00000)
 ParOldGen       total 56320K, used 35518K [0x00000000c9000000, 0x00000000cc700000, 0x00000000eda80000)
  object space 56320K, 63% used [0x00000000c9000000,0x00000000cb2af980,0x00000000cc700000)
 PSPermGen       total 83968K, used 61142K [0x00000000c3e00000, 0x00000000c9000000, 0x00000000c9000000)
  object space 83968K, 72% used [0x00000000c3e00000,0x00000000c79b5800,0x00000000c9000000)
Event: 3352.414 GC heap after
Heap after GC invocations=44 (full 1):
 PSYoungGen      total 41472K, used 960K [0x00000000eda80000, 0x00000000f1500000, 0x0000000100000000)
  eden space 40448K, 0% used [0x00000000eda80000,0x00000000eda80000,0x00000000f0200000)
  from space 1024K, 93% used [0x00000000f0300000,0x00000000f03f0000,0x00000000f0400000)
  to   space 9728K, 0% used [0x00000000f0b80000,0x00000000f0b80000,0x00000000f1500000)
 ParOldGen       total 56320K, used 35550K [0x00000000c9000000, 0x00000000cc700000, 0x00000000eda80000)
  object space 56320K, 63% used [0x00000000c9000000,0x00000000cb2b7980,0x00000000cc700000)
 PSPermGen       total 83968K, used 61142K [0x00000000c3e00000, 0x00000000c9000000, 0x00000000c9000000)
  object space 83968K, 72% used [0x00000000c3e00000,0x00000000c79b5800,0x00000000c9000000)
}
Event: 3430.469 GC heap before
{Heap before GC invocations=45 (full 1):
 PSYoungGen      total 41472K, used 41408K [0x00000000eda80000, 0x00000000f1500000, 0x0000000100000000)
  eden space 40448K, 100% used [0x00000000eda80000,0x00000000f0200000,0x00000000f0200000)
  from space 1024K, 93% used [0x00000000f0300000,0x00000000f03f0000,0x00000000f0400000)
  to   space 9728K, 0% used [0x00000000f0b80000,0x00000000f0b80000,0x00000000f1500000)
 ParOldGen       total 56320K, used 35550K [0x00000000c9000000, 0x00000000cc700000, 0x00000000eda80000)
  object space 56320K, 63% used [0x00000000c9000000,0x00000000cb2b7980,0x00000000cc700000)
 PSPermGen       total 83968K, used 61503K [0x00000000c3e00000, 0x00000000c9000000, 0x00000000c9000000)
  object space 83968K, 73% used [0x00000000c3e00000,0x00000000c7a0fef8,0x00000000c9000000)
Event: 3430.485 GC heap after
Heap after GC invocations=45 (full 1):
 PSYoungGen      total 47104K, used 1656K [0x00000000eda80000, 0x00000000f1300000, 0x0000000100000000)
  eden space 39424K, 0% used [0x00000000eda80000,0x00000000eda80000,0x00000000f0100000)
  from space 7680K, 21% used [0x00000000f0b80000,0x00000000f0d1e380,0x00000000f1300000)
  to   space 9216K, 0% used [0x00000000f0100000,0x00000000f0100000,0x00000000f0a00000)
 ParOldGen       total 56320K, used 35582K [0x00000000c9000000, 0x00000000cc700000, 0x00000000eda80000)
  object space 56320K, 63% used [0x00000000c9000000,0x00000000cb2bf980,0x00000000cc700000)
 PSPermGen       total 83968K, used 61503K [0x00000000c3e00000, 0x00000000c9000000, 0x00000000c9000000)
  object space 83968K, 73% used [0x00000000c3e00000,0x00000000c7a0fef8,0x00000000c9000000)
}

